<?xml version="1.0" encoding="UTF-8"?>
<testsuite xmlns:xsi="http://www.w3.org/2001/XMLSchema-instance" xsi:noNamespaceSchemaLocation="https://maven.apache.org/surefire/maven-surefire-plugin/xsd/surefire-test-report.xsd" name="TestSuite" time="1.14" tests="1" errors="0" skipped="0" failures="0">
  <properties>
    <property name="java.specification.version" value="13"/>
    <property name="sun.jnu.encoding" value="UTF-8"/>
    <property name="java.class.path" value="/Users/Chris/Maven Tutorial/my-app/target/test-classes:/Users/Chris/Maven Tutorial/my-app/target/classes:/Users/Chris/.m2/repository/junit/junit/4.11/junit-4.11.jar:/Users/Chris/.m2/repository/org/hamcrest/hamcrest-core/1.3/hamcrest-core-1.3.jar:/Users/Chris/.m2/repository/org/testng/testng/6.8.7/testng-6.8.7.jar:/Users/Chris/.m2/repository/org/beanshell/bsh/2.0b4/bsh-2.0b4.jar:/Users/Chris/.m2/repository/com/beust/jcommander/1.27/jcommander-1.27.jar:/Users/Chris/.m2/repository/org/yaml/snakeyaml/1.12/snakeyaml-1.12.jar:"/>
    <property name="java.vm.vendor" value="Oracle Corporation"/>
    <property name="sun.arch.data.model" value="64"/>
    <property name="java.vendor.url" value="https://java.oracle.com/"/>
    <property name="os.name" value="Mac OS X"/>
    <property name="java.vm.specification.version" value="13"/>
    <property name="sun.java.launcher" value="SUN_STANDARD"/>
    <property name="user.country" value="US"/>
    <property name="sun.boot.library.path" value="/Library/Java/JavaVirtualMachines/jdk-13.0.2.jdk/Contents/Home/lib"/>
    <property name="sun.java.command" value="/Users/Chris/Maven Tutorial/my-app/target/surefire/surefirebooter10946221807646456441.jar /Users/Chris/Maven Tutorial/my-app/target/surefire 2022-03-05T12-10-41_078-jvmRun1 surefire8991278481701098770tmp surefire_09850020863104387151tmp"/>
    <property name="http.nonProxyHosts" value="local|*.local|169.254/16|*.169.254/16"/>
    <property name="jdk.debug" value="release"/>
    <property name="surefire.test.class.path" value="/Users/Chris/Maven Tutorial/my-app/target/test-classes:/Users/Chris/Maven Tutorial/my-app/target/classes:/Users/Chris/.m2/repository/junit/junit/4.11/junit-4.11.jar:/Users/Chris/.m2/repository/org/hamcrest/hamcrest-core/1.3/hamcrest-core-1.3.jar:/Users/Chris/.m2/repository/org/testng/testng/6.8.7/testng-6.8.7.jar:/Users/Chris/.m2/repository/org/beanshell/bsh/2.0b4/bsh-2.0b4.jar:/Users/Chris/.m2/repository/com/beust/jcommander/1.27/jcommander-1.27.jar:/Users/Chris/.m2/repository/org/yaml/snakeyaml/1.12/snakeyaml-1.12.jar:"/>
    <property name="sun.cpu.endian" value="little"/>
    <property name="user.home" value="/Users/Chris"/>
    <property name="user.language" value="en"/>
    <property name="java.specification.vendor" value="Oracle Corporation"/>
    <property name="java.version.date" value="2020-01-14"/>
    <property name="java.home" value="/Library/Java/JavaVirtualMachines/jdk-13.0.2.jdk/Contents/Home"/>
    <property name="file.separator" value="/"/>
    <property name="basedir" value="/Users/Chris/Maven Tutorial/my-app"/>
    <property name="java.vm.compressedOopsMode" value="Zero based"/>
    <property name="line.separator" value="&#10;"/>
    <property name="java.specification.name" value="Java Platform API Specification"/>
    <property name="java.vm.specification.vendor" value="Oracle Corporation"/>
    <property name="surefire.real.class.path" value="/Users/Chris/Maven Tutorial/my-app/target/surefire/surefirebooter10946221807646456441.jar"/>
    <property name="sun.management.compiler" value="HotSpot 64-Bit Tiered Compilers"/>
    <property name="ftp.nonProxyHosts" value="local|*.local|169.254/16|*.169.254/16"/>
    <property name="java.runtime.version" value="13.0.2+8"/>
    <property name="user.name" value="Chris"/>
    <property name="path.separator" value=":"/>
    <property name="os.version" value="10.16"/>
    <property name="java.runtime.name" value="Java(TM) SE Runtime Environment"/>
    <property name="file.encoding" value="UTF-8"/>
    <property name="java.vm.name" value="Java HotSpot(TM) 64-Bit Server VM"/>
    <property name="localRepository" value="/Users/Chris/.m2/repository"/>
    <property name="java.vendor.url.bug" value="https://bugreport.java.com/bugreport/"/>
    <property name="java.io.tmpdir" value="/var/folders/6q/sb95hd6n72q6fnqx_wjg56_w0000gn/T/"/>
    <property name="java.version" value="13.0.2"/>
    <property name="user.dir" value="/Users/Chris/Maven Tutorial/my-app"/>
    <property name="os.arch" value="x86_64"/>
    <property name="java.vm.specification.name" value="Java Virtual Machine Specification"/>
    <property name="java.library.path" value="/Users/Chris/Library/Java/Extensions:/Library/Java/Extensions:/Network/Library/Java/Extensions:/System/Library/Java/Extensions:/usr/lib/java:."/>
    <property name="java.vm.info" value="mixed mode, sharing"/>
    <property name="java.vendor" value="Oracle Corporation"/>
    <property name="java.vm.version" value="13.0.2+8"/>
    <property name="sun.io.unicode.encoding" value="UnicodeBig"/>
    <property name="socksNonProxyHosts" value="local|*.local|169.254/16|*.169.254/16"/>
    <property name="java.class.version" value="57.0"/>
  </properties>
  <testcase name="shouldAnswerWithTrue" classname="com.mycompany.app.AppTest" time="0.012"/>
</testsuite>