<?xml version="1.0" encoding="UTF-8"?>
<!-- Generated by org.testng.reporters.JUnitReportReporter -->
<testsuite hostname="Christophers-MacBook-Pro.local" failures="0" tests="1" name="com.mycompany.app.AppTest" time="5.184" errors="0" timestamp="5 Mar 2022 02:19:43 GMT">
  <testcase classname="com.mycompany.app.AppTest" name="shouldAnswerWithTrue" time="5.184"/>
</testsuite> <!-- com.mycompany.app.AppTest -->
