<?xml version="1.0" encoding="UTF-8"?>
<!-- Generated by org.testng.reporters.JUnitReportReporter -->
<testsuite hostname="Christophers-MacBook-Pro.local" failures="0" tests="1" name="com.mycompany.app.App" time="5.194" errors="0" timestamp="5 Mar 2022 02:59:57 GMT">
  <testcase classname="com.mycompany.app.App" name="testArraySum" time="5.194"/>
</testsuite> <!-- com.mycompany.app.App -->
