<?xml version="1.0" encoding="UTF-8"?>
<!-- Generated by org.testng.reporters.JUnitReportReporter -->
<testsuite hostname="Christophers-MacBook-Pro.local" failures="0" tests="1" name="com.mycompany.app.AppTest" time="0.012" errors="0" timestamp="5 Mar 2022 17:10:42 GMT">
  <testcase classname="com.mycompany.app.AppTest" name="shouldAnswerWithTrue" time="0.012"/>
</testsuite> <!-- com.mycompany.app.AppTest -->
